  Ball.cpp
C:\Users\HP\Desktop\project\p1nG-p0nG\projectsfml\Paddle.h(21,35): warning C4244: return: преобразование "int" в "float", возможна потеря данных
C:\Users\HP\Desktop\project\p1nG-p0nG\projectsfml\Paddle.h(22,36): warning C4244: return: преобразование "int" в "float", возможна потеря данных
  Main.cpp
C:\Users\HP\Desktop\project\p1nG-p0nG\projectsfml\Paddle.h(21,35): warning C4244: return: преобразование "int" в "float", возможна потеря данных
C:\Users\HP\Desktop\project\p1nG-p0nG\projectsfml\Paddle.h(22,36): warning C4244: return: преобразование "int" в "float", возможна потеря данных
C:\Users\HP\Desktop\project\p1nG-p0nG\projectsfml\Main.cpp(45,51): warning C4244: аргумент: преобразование "T" в "float", возможна потеря данных
          with
          [
              T=unsigned int
          ]
C:\Users\HP\Desktop\project\p1nG-p0nG\projectsfml\Main.cpp(45,31): warning C4244: аргумент: преобразование "T" в "float", возможна потеря данных
          with
          [
              T=unsigned int
          ]
C:\Users\HP\Desktop\project\p1nG-p0nG\projectsfml\Main.cpp(53,36): warning C4244: аргумент: преобразование "const float" в "int", возможна потеря данных
C:\Users\HP\Desktop\project\p1nG-p0nG\projectsfml\Main.cpp(53,22): warning C4244: аргумент: преобразование "const float" в "int", возможна потеря данных
C:\Users\HP\Desktop\project\p1nG-p0nG\projectsfml\Main.cpp(56,36): warning C4244: аргумент: преобразование "const float" в "int", возможна потеря данных
C:\Users\HP\Desktop\project\p1nG-p0nG\projectsfml\Main.cpp(56,22): warning C4244: аргумент: преобразование "const float" в "int", возможна потеря данных
C:\Users\HP\Desktop\project\p1nG-p0nG\projectsfml\Main.cpp(59,15): warning C4244: аргумент: преобразование "const float" в "int", возможна потеря данных
C:\Users\HP\Desktop\project\p1nG-p0nG\projectsfml\Main.cpp(116,36): warning C4101: x: неиспользованная локальная переменная
  Создание кода...
LINK : fatal error LNK1209: база данных "C:\Users\HP\Desktop\project\p1nG-p0nG\Debug\projectsfml.pdb" программы отличается от предыдущей компоновки; повторно выполните компоновку или построение
